ERROR - 2026-06-14 12:27:56 --> mysqli_sql_exception: Table 'db_uas_klp4.karyawan' doesn't exist in engine in C:\xampp\htdocs\PW\budiluhur\system\Database\MySQLi\Connection.php:327
Stack trace:
#0 C:\xampp\htdocs\PW\budiluhur\system\Database\MySQLi\Connection.php(327): mysqli->query('SELECT COUNT(*)...', 0)
#1 C:\xampp\htdocs\PW\budiluhur\system\Database\BaseConnection.php(729): CodeIgniter\Database\MySQLi\Connection->execute('SELECT COUNT(*)...')
#2 C:\xampp\htdocs\PW\budiluhur\system\Database\BaseConnection.php(646): CodeIgniter\Database\BaseConnection->simpleQuery('SELECT COUNT(*)...')
#3 C:\xampp\htdocs\PW\budiluhur\system\Database\BaseBuilder.php(1733): CodeIgniter\Database\BaseConnection->query('SELECT COUNT(*)...', Array, false)
#4 C:\xampp\htdocs\PW\budiluhur\system\Model.php(675): CodeIgniter\Database\BaseBuilder->countAllResults(true)
#5 C:\xampp\htdocs\PW\budiluhur\app\Controllers\Home.php(16): CodeIgniter\Model->countAllResults()
#6 C:\xampp\htdocs\PW\budiluhur\system\CodeIgniter.php(933): App\Controllers\Home->index()
#7 C:\xampp\htdocs\PW\budiluhur\system\CodeIgniter.php(507): CodeIgniter\CodeIgniter->runController(Object(App\Controllers\Home))
#8 C:\xampp\htdocs\PW\budiluhur\system\CodeIgniter.php(354): CodeIgniter\CodeIgniter->handleRequest(NULL, Object(Config\Cache), false)
#9 C:\xampp\htdocs\PW\budiluhur\system\Boot.php(363): CodeIgniter\CodeIgniter->run()
#10 C:\xampp\htdocs\PW\budiluhur\system\Boot.php(68): CodeIgniter\Boot::runCodeIgniter(Object(CodeIgniter\CodeIgniter))
#11 C:\xampp\htdocs\PW\budiluhur\public\index.php(59): CodeIgniter\Boot::bootWeb(Object(Config\Paths))
#12 {main}
ERROR - 2026-06-14 12:27:56 --> mysqli_sql_exception: Table 'db_uas_klp4.jabatan' doesn't exist in engine in C:\xampp\htdocs\PW\budiluhur\system\Database\MySQLi\Connection.php:327
Stack trace:
#0 C:\xampp\htdocs\PW\budiluhur\system\Database\MySQLi\Connection.php(327): mysqli->query('SELECT COUNT(*)...', 0)
#1 C:\xampp\htdocs\PW\budiluhur\system\Database\BaseConnection.php(729): CodeIgniter\Database\MySQLi\Connection->execute('SELECT COUNT(*)...')
#2 C:\xampp\htdocs\PW\budiluhur\system\Database\BaseConnection.php(646): CodeIgniter\Database\BaseConnection->simpleQuery('SELECT COUNT(*)...')
#3 C:\xampp\htdocs\PW\budiluhur\system\Database\BaseBuilder.php(1733): CodeIgniter\Database\BaseConnection->query('SELECT COUNT(*)...', Array, false)
#4 C:\xampp\htdocs\PW\budiluhur\system\Model.php(675): CodeIgniter\Database\BaseBuilder->countAllResults(true)
#5 C:\xampp\htdocs\PW\budiluhur\app\Controllers\Home.php(17): CodeIgniter\Model->countAllResults()
#6 C:\xampp\htdocs\PW\budiluhur\system\CodeIgniter.php(933): App\Controllers\Home->index()
#7 C:\xampp\htdocs\PW\budiluhur\system\CodeIgniter.php(507): CodeIgniter\CodeIgniter->runController(Object(App\Controllers\Home))
#8 C:\xampp\htdocs\PW\budiluhur\system\CodeIgniter.php(354): CodeIgniter\CodeIgniter->handleRequest(NULL, Object(Config\Cache), false)
#9 C:\xampp\htdocs\PW\budiluhur\system\Boot.php(363): CodeIgniter\CodeIgniter->run()
#10 C:\xampp\htdocs\PW\budiluhur\system\Boot.php(68): CodeIgniter\Boot::runCodeIgniter(Object(CodeIgniter\CodeIgniter))
#11 C:\xampp\htdocs\PW\budiluhur\public\index.php(59): CodeIgniter\Boot::bootWeb(Object(Config\Paths))
#12 {main}
ERROR - 2026-06-14 12:27:56 --> mysqli_sql_exception: Table 'db_uas_klp4.absensi' doesn't exist in engine in C:\xampp\htdocs\PW\budiluhur\system\Database\MySQLi\Connection.php:327
Stack trace:
#0 C:\xampp\htdocs\PW\budiluhur\system\Database\MySQLi\Connection.php(327): mysqli->query('SELECT COUNT(*)...', 0)
#1 C:\xampp\htdocs\PW\budiluhur\system\Database\BaseConnection.php(729): CodeIgniter\Database\MySQLi\Connection->execute('SELECT COUNT(*)...')
#2 C:\xampp\htdocs\PW\budiluhur\system\Database\BaseConnection.php(646): CodeIgniter\Database\BaseConnection->simpleQuery('SELECT COUNT(*)...')
#3 C:\xampp\htdocs\PW\budiluhur\system\Database\BaseBuilder.php(1733): CodeIgniter\Database\BaseConnection->query('SELECT COUNT(*)...', Array, false)
#4 C:\xampp\htdocs\PW\budiluhur\system\Model.php(675): CodeIgniter\Database\BaseBuilder->countAllResults(true)
#5 C:\xampp\htdocs\PW\budiluhur\app\Controllers\Home.php(18): CodeIgniter\Model->countAllResults()
#6 C:\xampp\htdocs\PW\budiluhur\system\CodeIgniter.php(933): App\Controllers\Home->index()
#7 C:\xampp\htdocs\PW\budiluhur\system\CodeIgniter.php(507): CodeIgniter\CodeIgniter->runController(Object(App\Controllers\Home))
#8 C:\xampp\htdocs\PW\budiluhur\system\CodeIgniter.php(354): CodeIgniter\CodeIgniter->handleRequest(NULL, Object(Config\Cache), false)
#9 C:\xampp\htdocs\PW\budiluhur\system\Boot.php(363): CodeIgniter\CodeIgniter->run()
#10 C:\xampp\htdocs\PW\budiluhur\system\Boot.php(68): CodeIgniter\Boot::runCodeIgniter(Object(CodeIgniter\CodeIgniter))
#11 C:\xampp\htdocs\PW\budiluhur\public\index.php(59): CodeIgniter\Boot::bootWeb(Object(Config\Paths))
#12 {main}
ERROR - 2026-06-14 12:28:01 --> mysqli_sql_exception: Table 'db_uas_klp4.karyawan' doesn't exist in engine in C:\xampp\htdocs\PW\budiluhur\system\Database\MySQLi\Connection.php:327
Stack trace:
#0 C:\xampp\htdocs\PW\budiluhur\system\Database\MySQLi\Connection.php(327): mysqli->query('SELECT `k`.`id_...', 0)
#1 C:\xampp\htdocs\PW\budiluhur\system\Database\BaseConnection.php(729): CodeIgniter\Database\MySQLi\Connection->execute('SELECT `k`.`id_...')
#2 C:\xampp\htdocs\PW\budiluhur\system\Database\BaseConnection.php(646): CodeIgniter\Database\BaseConnection->simpleQuery('SELECT `k`.`id_...')
#3 C:\xampp\htdocs\PW\budiluhur\system\Database\BaseBuilder.php(1649): CodeIgniter\Database\BaseConnection->query('SELECT `k`.`id_...', Array, false)
#4 C:\xampp\htdocs\PW\budiluhur\app\Models\KaryawanModel.php(26): CodeIgniter\Database\BaseBuilder->get()
#5 C:\xampp\htdocs\PW\budiluhur\app\Controllers\Karyawan.php(10): App\Models\KaryawanModel->getKaryawanWithJabatan()
#6 C:\xampp\htdocs\PW\budiluhur\system\CodeIgniter.php(933): App\Controllers\Karyawan->index()
#7 C:\xampp\htdocs\PW\budiluhur\system\CodeIgniter.php(507): CodeIgniter\CodeIgniter->runController(Object(App\Controllers\Karyawan))
#8 C:\xampp\htdocs\PW\budiluhur\system\CodeIgniter.php(354): CodeIgniter\CodeIgniter->handleRequest(NULL, Object(Config\Cache), false)
#9 C:\xampp\htdocs\PW\budiluhur\system\Boot.php(363): CodeIgniter\CodeIgniter->run()
#10 C:\xampp\htdocs\PW\budiluhur\system\Boot.php(68): CodeIgniter\Boot::runCodeIgniter(Object(CodeIgniter\CodeIgniter))
#11 C:\xampp\htdocs\PW\budiluhur\public\index.php(59): CodeIgniter\Boot::bootWeb(Object(Config\Paths))
#12 {main}
CRITICAL - 2026-06-14 12:28:01 --> Error: Call to a member function getResultArray() on bool
[Method: GET, Route: karyawan]
in APPPATH\Models\KaryawanModel.php on line 27.
 1 APPPATH\Controllers\Karyawan.php(10): App\Models\KaryawanModel->getKaryawanWithJabatan()
 2 SYSTEMPATH\CodeIgniter.php(933): App\Controllers\Karyawan->index()
 3 SYSTEMPATH\CodeIgniter.php(507): CodeIgniter\CodeIgniter->runController(Object(App\Controllers\Karyawan))
 4 SYSTEMPATH\CodeIgniter.php(354): CodeIgniter\CodeIgniter->handleRequest(null, Object(Config\Cache), false)
 5 SYSTEMPATH\Boot.php(363): CodeIgniter\CodeIgniter->run()
 6 SYSTEMPATH\Boot.php(68): CodeIgniter\Boot::runCodeIgniter(Object(CodeIgniter\CodeIgniter))
 7 FCPATH\index.php(59): CodeIgniter\Boot::bootWeb(Object(Config\Paths))
ERROR - 2026-06-14 12:28:05 --> mysqli_sql_exception: Table 'db_uas_klp4.jabatan' doesn't exist in engine in C:\xampp\htdocs\PW\budiluhur\system\Database\MySQLi\Connection.php:327
Stack trace:
#0 C:\xampp\htdocs\PW\budiluhur\system\Database\MySQLi\Connection.php(327): mysqli->query('SELECT *\nFROM `...', 0)
#1 C:\xampp\htdocs\PW\budiluhur\system\Database\BaseConnection.php(729): CodeIgniter\Database\MySQLi\Connection->execute('SELECT *\nFROM `...')
#2 C:\xampp\htdocs\PW\budiluhur\system\Database\BaseConnection.php(646): CodeIgniter\Database\BaseConnection->simpleQuery('SELECT *\nFROM `...')
#3 C:\xampp\htdocs\PW\budiluhur\system\Database\BaseBuilder.php(1649): CodeIgniter\Database\BaseConnection->query('SELECT *\nFROM `...', Array, false)
#4 C:\xampp\htdocs\PW\budiluhur\system\Model.php(286): CodeIgniter\Database\BaseBuilder->get()
#5 C:\xampp\htdocs\PW\budiluhur\system\BaseModel.php(677): CodeIgniter\Model->doFindAll(0, 0)
#6 C:\xampp\htdocs\PW\budiluhur\app\Controllers\Jabatan.php(10): CodeIgniter\BaseModel->findAll()
#7 C:\xampp\htdocs\PW\budiluhur\system\CodeIgniter.php(933): App\Controllers\Jabatan->index()
#8 C:\xampp\htdocs\PW\budiluhur\system\CodeIgniter.php(507): CodeIgniter\CodeIgniter->runController(Object(App\Controllers\Jabatan))
#9 C:\xampp\htdocs\PW\budiluhur\system\CodeIgniter.php(354): CodeIgniter\CodeIgniter->handleRequest(NULL, Object(Config\Cache), false)
#10 C:\xampp\htdocs\PW\budiluhur\system\Boot.php(363): CodeIgniter\CodeIgniter->run()
#11 C:\xampp\htdocs\PW\budiluhur\system\Boot.php(68): CodeIgniter\Boot::runCodeIgniter(Object(CodeIgniter\CodeIgniter))
#12 C:\xampp\htdocs\PW\budiluhur\public\index.php(59): CodeIgniter\Boot::bootWeb(Object(Config\Paths))
#13 {main}
CRITICAL - 2026-06-14 12:28:05 --> Error: Call to a member function getResult() on bool
[Method: GET, Route: jabatan]
in SYSTEMPATH\Model.php on line 287.
 1 SYSTEMPATH\BaseModel.php(677): CodeIgniter\Model->doFindAll(0, 0)
 2 APPPATH\Controllers\Jabatan.php(10): CodeIgniter\BaseModel->findAll()
 3 SYSTEMPATH\CodeIgniter.php(933): App\Controllers\Jabatan->index()
 4 SYSTEMPATH\CodeIgniter.php(507): CodeIgniter\CodeIgniter->runController(Object(App\Controllers\Jabatan))
 5 SYSTEMPATH\CodeIgniter.php(354): CodeIgniter\CodeIgniter->handleRequest(null, Object(Config\Cache), false)
 6 SYSTEMPATH\Boot.php(363): CodeIgniter\CodeIgniter->run()
 7 SYSTEMPATH\Boot.php(68): CodeIgniter\Boot::runCodeIgniter(Object(CodeIgniter\CodeIgniter))
 8 FCPATH\index.php(59): CodeIgniter\Boot::bootWeb(Object(Config\Paths))
ERROR - 2026-06-14 12:28:09 --> mysqli_sql_exception: Table 'db_uas_klp4.absensi' doesn't exist in engine in C:\xampp\htdocs\PW\budiluhur\system\Database\MySQLi\Connection.php:327
Stack trace:
#0 C:\xampp\htdocs\PW\budiluhur\system\Database\MySQLi\Connection.php(327): mysqli->query('SELECT `absensi...', 0)
#1 C:\xampp\htdocs\PW\budiluhur\system\Database\BaseConnection.php(729): CodeIgniter\Database\MySQLi\Connection->execute('SELECT `absensi...')
#2 C:\xampp\htdocs\PW\budiluhur\system\Database\BaseConnection.php(646): CodeIgniter\Database\BaseConnection->simpleQuery('SELECT `absensi...')
#3 C:\xampp\htdocs\PW\budiluhur\system\Database\BaseBuilder.php(1649): CodeIgniter\Database\BaseConnection->query('SELECT `absensi...', Array, false)
#4 C:\xampp\htdocs\PW\budiluhur\system\Model.php(286): CodeIgniter\Database\BaseBuilder->get()
#5 C:\xampp\htdocs\PW\budiluhur\system\BaseModel.php(677): CodeIgniter\Model->doFindAll(0, 0)
#6 C:\xampp\htdocs\PW\budiluhur\app\Models\AbsensiModel.php(54): CodeIgniter\BaseModel->findAll()
#7 C:\xampp\htdocs\PW\budiluhur\app\Controllers\Absensi.php(27): App\Models\AbsensiModel->getAbsensi()
#8 C:\xampp\htdocs\PW\budiluhur\system\CodeIgniter.php(933): App\Controllers\Absensi->index()
#9 C:\xampp\htdocs\PW\budiluhur\system\CodeIgniter.php(507): CodeIgniter\CodeIgniter->runController(Object(App\Controllers\Absensi))
#10 C:\xampp\htdocs\PW\budiluhur\system\CodeIgniter.php(354): CodeIgniter\CodeIgniter->handleRequest(NULL, Object(Config\Cache), false)
#11 C:\xampp\htdocs\PW\budiluhur\system\Boot.php(363): CodeIgniter\CodeIgniter->run()
#12 C:\xampp\htdocs\PW\budiluhur\system\Boot.php(68): CodeIgniter\Boot::runCodeIgniter(Object(CodeIgniter\CodeIgniter))
#13 C:\xampp\htdocs\PW\budiluhur\public\index.php(59): CodeIgniter\Boot::bootWeb(Object(Config\Paths))
#14 {main}
CRITICAL - 2026-06-14 12:28:09 --> Error: Call to a member function getResult() on bool
[Method: GET, Route: absensi]
in SYSTEMPATH\Model.php on line 287.
 1 SYSTEMPATH\BaseModel.php(677): CodeIgniter\Model->doFindAll(0, 0)
 2 APPPATH\Models\AbsensiModel.php(54): CodeIgniter\BaseModel->findAll()
 3 APPPATH\Controllers\Absensi.php(27): App\Models\AbsensiModel->getAbsensi()
 4 SYSTEMPATH\CodeIgniter.php(933): App\Controllers\Absensi->index()
 5 SYSTEMPATH\CodeIgniter.php(507): CodeIgniter\CodeIgniter->runController(Object(App\Controllers\Absensi))
 6 SYSTEMPATH\CodeIgniter.php(354): CodeIgniter\CodeIgniter->handleRequest(null, Object(Config\Cache), false)
 7 SYSTEMPATH\Boot.php(363): CodeIgniter\CodeIgniter->run()
 8 SYSTEMPATH\Boot.php(68): CodeIgniter\Boot::runCodeIgniter(Object(CodeIgniter\CodeIgniter))
 9 FCPATH\index.php(59): CodeIgniter\Boot::bootWeb(Object(Config\Paths))
