ERROR - 2025-12-22 01:36:00 --> mysqli_sql_exception: Cannot delete or update a parent row: a foreign key constraint fails (`db_uas_klp4`.`detail_absensi`, CONSTRAINT `fk_detail_absensi_karyawan` FOREIGN KEY (`id_karyawan`) REFERENCES `karyawan` (`id_karyawan`) ON UPDATE CASCADE) in C:\xampp\htdocs\PW\budiluhur\system\Database\MySQLi\Connection.php:327
Stack trace:
#0 C:\xampp\htdocs\PW\budiluhur\system\Database\MySQLi\Connection.php(327): mysqli->query('DELETE FROM `ka...', 0)
#1 C:\xampp\htdocs\PW\budiluhur\system\Database\BaseConnection.php(729): CodeIgniter\Database\MySQLi\Connection->execute('DELETE FROM `ka...')
#2 C:\xampp\htdocs\PW\budiluhur\system\Database\BaseConnection.php(646): CodeIgniter\Database\BaseConnection->simpleQuery('DELETE FROM `ka...')
#3 C:\xampp\htdocs\PW\budiluhur\system\Database\BaseBuilder.php(2848): CodeIgniter\Database\BaseConnection->query('DELETE FROM `ka...', Array, false)
#4 C:\xampp\htdocs\PW\budiluhur\app\Models\KaryawanModel.php(45): CodeIgniter\Database\BaseBuilder->delete(Array)
#5 C:\xampp\htdocs\PW\budiluhur\app\Controllers\Karyawan.php(72): App\Models\KaryawanModel->hapusKaryawan('K003')
#6 C:\xampp\htdocs\PW\budiluhur\system\CodeIgniter.php(933): App\Controllers\Karyawan->hapus('K003')
#7 C:\xampp\htdocs\PW\budiluhur\system\CodeIgniter.php(507): CodeIgniter\CodeIgniter->runController(Object(App\Controllers\Karyawan))
#8 C:\xampp\htdocs\PW\budiluhur\system\CodeIgniter.php(354): CodeIgniter\CodeIgniter->handleRequest(NULL, Object(Config\Cache), false)
#9 C:\xampp\htdocs\PW\budiluhur\system\Boot.php(363): CodeIgniter\CodeIgniter->run()
#10 C:\xampp\htdocs\PW\budiluhur\system\Boot.php(68): CodeIgniter\Boot::runCodeIgniter(Object(CodeIgniter\CodeIgniter))
#11 C:\xampp\htdocs\PW\budiluhur\public\index.php(59): CodeIgniter\Boot::bootWeb(Object(Config\Paths))
#12 {main}
ERROR - 2025-12-22 01:36:06 --> mysqli_sql_exception: Cannot delete or update a parent row: a foreign key constraint fails (`db_uas_klp4`.`detail_absensi`, CONSTRAINT `fk_detail_absensi_karyawan` FOREIGN KEY (`id_karyawan`) REFERENCES `karyawan` (`id_karyawan`) ON UPDATE CASCADE) in C:\xampp\htdocs\PW\budiluhur\system\Database\MySQLi\Connection.php:327
Stack trace:
#0 C:\xampp\htdocs\PW\budiluhur\system\Database\MySQLi\Connection.php(327): mysqli->query('DELETE FROM `ka...', 0)
#1 C:\xampp\htdocs\PW\budiluhur\system\Database\BaseConnection.php(729): CodeIgniter\Database\MySQLi\Connection->execute('DELETE FROM `ka...')
#2 C:\xampp\htdocs\PW\budiluhur\system\Database\BaseConnection.php(646): CodeIgniter\Database\BaseConnection->simpleQuery('DELETE FROM `ka...')
#3 C:\xampp\htdocs\PW\budiluhur\system\Database\BaseBuilder.php(2848): CodeIgniter\Database\BaseConnection->query('DELETE FROM `ka...', Array, false)
#4 C:\xampp\htdocs\PW\budiluhur\app\Models\KaryawanModel.php(45): CodeIgniter\Database\BaseBuilder->delete(Array)
#5 C:\xampp\htdocs\PW\budiluhur\app\Controllers\Karyawan.php(72): App\Models\KaryawanModel->hapusKaryawan('K003')
#6 C:\xampp\htdocs\PW\budiluhur\system\CodeIgniter.php(933): App\Controllers\Karyawan->hapus('K003')
#7 C:\xampp\htdocs\PW\budiluhur\system\CodeIgniter.php(507): CodeIgniter\CodeIgniter->runController(Object(App\Controllers\Karyawan))
#8 C:\xampp\htdocs\PW\budiluhur\system\CodeIgniter.php(354): CodeIgniter\CodeIgniter->handleRequest(NULL, Object(Config\Cache), false)
#9 C:\xampp\htdocs\PW\budiluhur\system\Boot.php(363): CodeIgniter\CodeIgniter->run()
#10 C:\xampp\htdocs\PW\budiluhur\system\Boot.php(68): CodeIgniter\Boot::runCodeIgniter(Object(CodeIgniter\CodeIgniter))
#11 C:\xampp\htdocs\PW\budiluhur\public\index.php(59): CodeIgniter\Boot::bootWeb(Object(Config\Paths))
#12 {main}
ERROR - 2025-12-22 01:36:17 --> mysqli_sql_exception: Cannot delete or update a parent row: a foreign key constraint fails (`db_uas_klp4`.`detail_absensi`, CONSTRAINT `fk_detail_absensi_karyawan` FOREIGN KEY (`id_karyawan`) REFERENCES `karyawan` (`id_karyawan`) ON UPDATE CASCADE) in C:\xampp\htdocs\PW\budiluhur\system\Database\MySQLi\Connection.php:327
Stack trace:
#0 C:\xampp\htdocs\PW\budiluhur\system\Database\MySQLi\Connection.php(327): mysqli->query('DELETE FROM `ka...', 0)
#1 C:\xampp\htdocs\PW\budiluhur\system\Database\BaseConnection.php(729): CodeIgniter\Database\MySQLi\Connection->execute('DELETE FROM `ka...')
#2 C:\xampp\htdocs\PW\budiluhur\system\Database\BaseConnection.php(646): CodeIgniter\Database\BaseConnection->simpleQuery('DELETE FROM `ka...')
#3 C:\xampp\htdocs\PW\budiluhur\system\Database\BaseBuilder.php(2848): CodeIgniter\Database\BaseConnection->query('DELETE FROM `ka...', Array, false)
#4 C:\xampp\htdocs\PW\budiluhur\app\Models\KaryawanModel.php(45): CodeIgniter\Database\BaseBuilder->delete(Array)
#5 C:\xampp\htdocs\PW\budiluhur\app\Controllers\Karyawan.php(72): App\Models\KaryawanModel->hapusKaryawan('K003')
#6 C:\xampp\htdocs\PW\budiluhur\system\CodeIgniter.php(933): App\Controllers\Karyawan->hapus('K003')
#7 C:\xampp\htdocs\PW\budiluhur\system\CodeIgniter.php(507): CodeIgniter\CodeIgniter->runController(Object(App\Controllers\Karyawan))
#8 C:\xampp\htdocs\PW\budiluhur\system\CodeIgniter.php(354): CodeIgniter\CodeIgniter->handleRequest(NULL, Object(Config\Cache), false)
#9 C:\xampp\htdocs\PW\budiluhur\system\Boot.php(363): CodeIgniter\CodeIgniter->run()
#10 C:\xampp\htdocs\PW\budiluhur\system\Boot.php(68): CodeIgniter\Boot::runCodeIgniter(Object(CodeIgniter\CodeIgniter))
#11 C:\xampp\htdocs\PW\budiluhur\public\index.php(59): CodeIgniter\Boot::bootWeb(Object(Config\Paths))
#12 {main}
ERROR - 2025-12-22 01:36:27 --> mysqli_sql_exception: Cannot delete or update a parent row: a foreign key constraint fails (`db_uas_klp4`.`detail_absensi`, CONSTRAINT `fk_detail_absensi_karyawan` FOREIGN KEY (`id_karyawan`) REFERENCES `karyawan` (`id_karyawan`) ON UPDATE CASCADE) in C:\xampp\htdocs\PW\budiluhur\system\Database\MySQLi\Connection.php:327
Stack trace:
#0 C:\xampp\htdocs\PW\budiluhur\system\Database\MySQLi\Connection.php(327): mysqli->query('DELETE FROM `ka...', 0)
#1 C:\xampp\htdocs\PW\budiluhur\system\Database\BaseConnection.php(729): CodeIgniter\Database\MySQLi\Connection->execute('DELETE FROM `ka...')
#2 C:\xampp\htdocs\PW\budiluhur\system\Database\BaseConnection.php(646): CodeIgniter\Database\BaseConnection->simpleQuery('DELETE FROM `ka...')
#3 C:\xampp\htdocs\PW\budiluhur\system\Database\BaseBuilder.php(2848): CodeIgniter\Database\BaseConnection->query('DELETE FROM `ka...', Array, false)
#4 C:\xampp\htdocs\PW\budiluhur\app\Models\KaryawanModel.php(45): CodeIgniter\Database\BaseBuilder->delete(Array)
#5 C:\xampp\htdocs\PW\budiluhur\app\Controllers\Karyawan.php(72): App\Models\KaryawanModel->hapusKaryawan('K005')
#6 C:\xampp\htdocs\PW\budiluhur\system\CodeIgniter.php(933): App\Controllers\Karyawan->hapus('K005')
#7 C:\xampp\htdocs\PW\budiluhur\system\CodeIgniter.php(507): CodeIgniter\CodeIgniter->runController(Object(App\Controllers\Karyawan))
#8 C:\xampp\htdocs\PW\budiluhur\system\CodeIgniter.php(354): CodeIgniter\CodeIgniter->handleRequest(NULL, Object(Config\Cache), false)
#9 C:\xampp\htdocs\PW\budiluhur\system\Boot.php(363): CodeIgniter\CodeIgniter->run()
#10 C:\xampp\htdocs\PW\budiluhur\system\Boot.php(68): CodeIgniter\Boot::runCodeIgniter(Object(CodeIgniter\CodeIgniter))
#11 C:\xampp\htdocs\PW\budiluhur\public\index.php(59): CodeIgniter\Boot::bootWeb(Object(Config\Paths))
#12 {main}
ERROR - 2025-12-22 01:36:32 --> mysqli_sql_exception: Cannot delete or update a parent row: a foreign key constraint fails (`db_uas_klp4`.`detail_absensi`, CONSTRAINT `fk_detail_absensi_karyawan` FOREIGN KEY (`id_karyawan`) REFERENCES `karyawan` (`id_karyawan`) ON UPDATE CASCADE) in C:\xampp\htdocs\PW\budiluhur\system\Database\MySQLi\Connection.php:327
Stack trace:
#0 C:\xampp\htdocs\PW\budiluhur\system\Database\MySQLi\Connection.php(327): mysqli->query('DELETE FROM `ka...', 0)
#1 C:\xampp\htdocs\PW\budiluhur\system\Database\BaseConnection.php(729): CodeIgniter\Database\MySQLi\Connection->execute('DELETE FROM `ka...')
#2 C:\xampp\htdocs\PW\budiluhur\system\Database\BaseConnection.php(646): CodeIgniter\Database\BaseConnection->simpleQuery('DELETE FROM `ka...')
#3 C:\xampp\htdocs\PW\budiluhur\system\Database\BaseBuilder.php(2848): CodeIgniter\Database\BaseConnection->query('DELETE FROM `ka...', Array, false)
#4 C:\xampp\htdocs\PW\budiluhur\app\Models\KaryawanModel.php(45): CodeIgniter\Database\BaseBuilder->delete(Array)
#5 C:\xampp\htdocs\PW\budiluhur\app\Controllers\Karyawan.php(72): App\Models\KaryawanModel->hapusKaryawan('K005')
#6 C:\xampp\htdocs\PW\budiluhur\system\CodeIgniter.php(933): App\Controllers\Karyawan->hapus('K005')
#7 C:\xampp\htdocs\PW\budiluhur\system\CodeIgniter.php(507): CodeIgniter\CodeIgniter->runController(Object(App\Controllers\Karyawan))
#8 C:\xampp\htdocs\PW\budiluhur\system\CodeIgniter.php(354): CodeIgniter\CodeIgniter->handleRequest(NULL, Object(Config\Cache), false)
#9 C:\xampp\htdocs\PW\budiluhur\system\Boot.php(363): CodeIgniter\CodeIgniter->run()
#10 C:\xampp\htdocs\PW\budiluhur\system\Boot.php(68): CodeIgniter\Boot::runCodeIgniter(Object(CodeIgniter\CodeIgniter))
#11 C:\xampp\htdocs\PW\budiluhur\public\index.php(59): CodeIgniter\Boot::bootWeb(Object(Config\Paths))
#12 {main}
ERROR - 2025-12-22 11:27:04 --> mysqli_sql_exception: Unknown column 'da.id_karyawan' in 'on clause' in C:\xampp\htdocs\PW\budiluhur\system\Database\MySQLi\Connection.php:327
Stack trace:
#0 C:\xampp\htdocs\PW\budiluhur\system\Database\MySQLi\Connection.php(327): mysqli->query('SELECT `a`.`id_...', 0)
#1 C:\xampp\htdocs\PW\budiluhur\system\Database\BaseConnection.php(729): CodeIgniter\Database\MySQLi\Connection->execute('SELECT `a`.`id_...')
#2 C:\xampp\htdocs\PW\budiluhur\system\Database\BaseConnection.php(646): CodeIgniter\Database\BaseConnection->simpleQuery('SELECT `a`.`id_...')
#3 C:\xampp\htdocs\PW\budiluhur\system\Database\BaseBuilder.php(1649): CodeIgniter\Database\BaseConnection->query('SELECT `a`.`id_...', Array, false)
#4 C:\xampp\htdocs\PW\budiluhur\app\Models\AbsensiModel.php(29): CodeIgniter\Database\BaseBuilder->get()
#5 C:\xampp\htdocs\PW\budiluhur\app\Controllers\Absensi.php(14): App\Models\AbsensiModel->getAbsensi()
#6 C:\xampp\htdocs\PW\budiluhur\system\CodeIgniter.php(933): App\Controllers\Absensi->index()
#7 C:\xampp\htdocs\PW\budiluhur\system\CodeIgniter.php(507): CodeIgniter\CodeIgniter->runController(Object(App\Controllers\Absensi))
#8 C:\xampp\htdocs\PW\budiluhur\system\CodeIgniter.php(354): CodeIgniter\CodeIgniter->handleRequest(NULL, Object(Config\Cache), false)
#9 C:\xampp\htdocs\PW\budiluhur\system\Boot.php(363): CodeIgniter\CodeIgniter->run()
#10 C:\xampp\htdocs\PW\budiluhur\system\Boot.php(68): CodeIgniter\Boot::runCodeIgniter(Object(CodeIgniter\CodeIgniter))
#11 C:\xampp\htdocs\PW\budiluhur\public\index.php(59): CodeIgniter\Boot::bootWeb(Object(Config\Paths))
#12 {main}
CRITICAL - 2025-12-22 11:27:04 --> Error: Call to a member function getResult() on bool
[Method: GET, Route: absensi]
in APPPATH\Models\AbsensiModel.php on line 29.
 1 APPPATH\Controllers\Absensi.php(14): App\Models\AbsensiModel->getAbsensi()
 2 SYSTEMPATH\CodeIgniter.php(933): App\Controllers\Absensi->index()
 3 SYSTEMPATH\CodeIgniter.php(507): CodeIgniter\CodeIgniter->runController(Object(App\Controllers\Absensi))
 4 SYSTEMPATH\CodeIgniter.php(354): CodeIgniter\CodeIgniter->handleRequest(null, Object(Config\Cache), false)
 5 SYSTEMPATH\Boot.php(363): CodeIgniter\CodeIgniter->run()
 6 SYSTEMPATH\Boot.php(68): CodeIgniter\Boot::runCodeIgniter(Object(CodeIgniter\CodeIgniter))
 7 FCPATH\index.php(59): CodeIgniter\Boot::bootWeb(Object(Config\Paths))
ERROR - 2025-12-22 11:27:24 --> mysqli_sql_exception: Unknown column 'da.id_karyawan' in 'on clause' in C:\xampp\htdocs\PW\budiluhur\system\Database\MySQLi\Connection.php:327
Stack trace:
#0 C:\xampp\htdocs\PW\budiluhur\system\Database\MySQLi\Connection.php(327): mysqli->query('SELECT `a`.`id_...', 0)
#1 C:\xampp\htdocs\PW\budiluhur\system\Database\BaseConnection.php(729): CodeIgniter\Database\MySQLi\Connection->execute('SELECT `a`.`id_...')
#2 C:\xampp\htdocs\PW\budiluhur\system\Database\BaseConnection.php(646): CodeIgniter\Database\BaseConnection->simpleQuery('SELECT `a`.`id_...')
#3 C:\xampp\htdocs\PW\budiluhur\system\Database\BaseBuilder.php(1649): CodeIgniter\Database\BaseConnection->query('SELECT `a`.`id_...', Array, false)
#4 C:\xampp\htdocs\PW\budiluhur\app\Models\AbsensiModel.php(29): CodeIgniter\Database\BaseBuilder->get()
#5 C:\xampp\htdocs\PW\budiluhur\app\Controllers\Absensi.php(14): App\Models\AbsensiModel->getAbsensi()
#6 C:\xampp\htdocs\PW\budiluhur\system\CodeIgniter.php(933): App\Controllers\Absensi->index()
#7 C:\xampp\htdocs\PW\budiluhur\system\CodeIgniter.php(507): CodeIgniter\CodeIgniter->runController(Object(App\Controllers\Absensi))
#8 C:\xampp\htdocs\PW\budiluhur\system\CodeIgniter.php(354): CodeIgniter\CodeIgniter->handleRequest(NULL, Object(Config\Cache), false)
#9 C:\xampp\htdocs\PW\budiluhur\system\Boot.php(363): CodeIgniter\CodeIgniter->run()
#10 C:\xampp\htdocs\PW\budiluhur\system\Boot.php(68): CodeIgniter\Boot::runCodeIgniter(Object(CodeIgniter\CodeIgniter))
#11 C:\xampp\htdocs\PW\budiluhur\public\index.php(59): CodeIgniter\Boot::bootWeb(Object(Config\Paths))
#12 {main}
CRITICAL - 2025-12-22 11:27:24 --> Error: Call to a member function getResult() on bool
[Method: GET, Route: absensi]
in APPPATH\Models\AbsensiModel.php on line 29.
 1 APPPATH\Controllers\Absensi.php(14): App\Models\AbsensiModel->getAbsensi()
 2 SYSTEMPATH\CodeIgniter.php(933): App\Controllers\Absensi->index()
 3 SYSTEMPATH\CodeIgniter.php(507): CodeIgniter\CodeIgniter->runController(Object(App\Controllers\Absensi))
 4 SYSTEMPATH\CodeIgniter.php(354): CodeIgniter\CodeIgniter->handleRequest(null, Object(Config\Cache), false)
 5 SYSTEMPATH\Boot.php(363): CodeIgniter\CodeIgniter->run()
 6 SYSTEMPATH\Boot.php(68): CodeIgniter\Boot::runCodeIgniter(Object(CodeIgniter\CodeIgniter))
 7 FCPATH\index.php(59): CodeIgniter\Boot::bootWeb(Object(Config\Paths))
ERROR - 2025-12-22 11:42:14 --> mysqli_sql_exception: Unknown column 'da.id_karyawan' in 'on clause' in C:\xampp\htdocs\PW\budiluhur\system\Database\MySQLi\Connection.php:327
Stack trace:
#0 C:\xampp\htdocs\PW\budiluhur\system\Database\MySQLi\Connection.php(327): mysqli->query('SELECT `a`.`id_...', 0)
#1 C:\xampp\htdocs\PW\budiluhur\system\Database\BaseConnection.php(729): CodeIgniter\Database\MySQLi\Connection->execute('SELECT `a`.`id_...')
#2 C:\xampp\htdocs\PW\budiluhur\system\Database\BaseConnection.php(646): CodeIgniter\Database\BaseConnection->simpleQuery('SELECT `a`.`id_...')
#3 C:\xampp\htdocs\PW\budiluhur\system\Database\BaseBuilder.php(1649): CodeIgniter\Database\BaseConnection->query('SELECT `a`.`id_...', Array, false)
#4 C:\xampp\htdocs\PW\budiluhur\app\Models\AbsensiModel.php(29): CodeIgniter\Database\BaseBuilder->get()
#5 C:\xampp\htdocs\PW\budiluhur\app\Controllers\Absensi.php(14): App\Models\AbsensiModel->getAbsensi()
#6 C:\xampp\htdocs\PW\budiluhur\system\CodeIgniter.php(933): App\Controllers\Absensi->index()
#7 C:\xampp\htdocs\PW\budiluhur\system\CodeIgniter.php(507): CodeIgniter\CodeIgniter->runController(Object(App\Controllers\Absensi))
#8 C:\xampp\htdocs\PW\budiluhur\system\CodeIgniter.php(354): CodeIgniter\CodeIgniter->handleRequest(NULL, Object(Config\Cache), false)
#9 C:\xampp\htdocs\PW\budiluhur\system\Boot.php(363): CodeIgniter\CodeIgniter->run()
#10 C:\xampp\htdocs\PW\budiluhur\system\Boot.php(68): CodeIgniter\Boot::runCodeIgniter(Object(CodeIgniter\CodeIgniter))
#11 C:\xampp\htdocs\PW\budiluhur\public\index.php(59): CodeIgniter\Boot::bootWeb(Object(Config\Paths))
#12 {main}
CRITICAL - 2025-12-22 11:42:14 --> Error: Call to a member function getResult() on bool
[Method: GET, Route: absensi]
in APPPATH\Models\AbsensiModel.php on line 29.
 1 APPPATH\Controllers\Absensi.php(14): App\Models\AbsensiModel->getAbsensi()
 2 SYSTEMPATH\CodeIgniter.php(933): App\Controllers\Absensi->index()
 3 SYSTEMPATH\CodeIgniter.php(507): CodeIgniter\CodeIgniter->runController(Object(App\Controllers\Absensi))
 4 SYSTEMPATH\CodeIgniter.php(354): CodeIgniter\CodeIgniter->handleRequest(null, Object(Config\Cache), false)
 5 SYSTEMPATH\Boot.php(363): CodeIgniter\CodeIgniter->run()
 6 SYSTEMPATH\Boot.php(68): CodeIgniter\Boot::runCodeIgniter(Object(CodeIgniter\CodeIgniter))
 7 FCPATH\index.php(59): CodeIgniter\Boot::bootWeb(Object(Config\Paths))
CRITICAL - 2025-12-22 12:09:10 --> ErrorException: Undefined property: App\Controllers\Absensi::$absensiModel
[Method: POST, Route: absensi/buatAbsensiAjax]
in APPPATH\Controllers\Absensi.php on line 51.
 1 APPPATH\Controllers\Absensi.php(51): CodeIgniter\Debug\Exceptions->errorHandler(2, 'Undefined property: App\\Controllers\\Absensi::$absensiModel', 'C:\\xampp\\htdocs\\PW\\budiluhur\\app\\Controllers\\Absensi.php', 51)
 2 SYSTEMPATH\CodeIgniter.php(933): App\Controllers\Absensi->buatAbsensiAjax()
 3 SYSTEMPATH\CodeIgniter.php(507): CodeIgniter\CodeIgniter->runController(Object(App\Controllers\Absensi))
 4 SYSTEMPATH\CodeIgniter.php(354): CodeIgniter\CodeIgniter->handleRequest(null, Object(Config\Cache), false)
 5 SYSTEMPATH\Boot.php(363): CodeIgniter\CodeIgniter->run()
 6 SYSTEMPATH\Boot.php(68): CodeIgniter\Boot::runCodeIgniter(Object(CodeIgniter\CodeIgniter))
 7 FCPATH\index.php(59): CodeIgniter\Boot::bootWeb(Object(Config\Paths))
CRITICAL - 2025-12-22 12:21:57 --> ErrorException: Undefined property: stdClass::$nama
[Method: GET, Route: absensi]
in APPPATH\Views\absensiView.php on line 46.
 1 APPPATH\Views\absensiView.php(46): CodeIgniter\Debug\Exceptions->errorHandler(2, 'Undefined property: stdClass::$nama', 'C:\\xampp\\htdocs\\PW\\budiluhur\\app\\Views\\absensiView.php', 46)
 2 SYSTEMPATH\View\View.php(226): include('C:\\xampp\\htdocs\\PW\\budiluhur\\app\\Views\\absensiView.php')
 3 SYSTEMPATH\View\View.php(229): CodeIgniter\View\View->CodeIgniter\View\{closure}()
 4 SYSTEMPATH\Common.php(1199): CodeIgniter\View\View->render('absensiView', [], true)
 5 APPPATH\Controllers\Absensi.php(25): view('absensiView', [...])
 6 SYSTEMPATH\CodeIgniter.php(933): App\Controllers\Absensi->index()
 7 SYSTEMPATH\CodeIgniter.php(507): CodeIgniter\CodeIgniter->runController(Object(App\Controllers\Absensi))
 8 SYSTEMPATH\CodeIgniter.php(354): CodeIgniter\CodeIgniter->handleRequest(null, Object(Config\Cache), false)
 9 SYSTEMPATH\Boot.php(363): CodeIgniter\CodeIgniter->run()
10 SYSTEMPATH\Boot.php(68): CodeIgniter\Boot::runCodeIgniter(Object(CodeIgniter\CodeIgniter))
11 FCPATH\index.php(59): CodeIgniter\Boot::bootWeb(Object(Config\Paths))
CRITICAL - 2025-12-22 12:22:01 --> ErrorException: Undefined property: stdClass::$nama
[Method: GET, Route: absensi]
in APPPATH\Views\absensiView.php on line 46.
 1 APPPATH\Views\absensiView.php(46): CodeIgniter\Debug\Exceptions->errorHandler(2, 'Undefined property: stdClass::$nama', 'C:\\xampp\\htdocs\\PW\\budiluhur\\app\\Views\\absensiView.php', 46)
 2 SYSTEMPATH\View\View.php(226): include('C:\\xampp\\htdocs\\PW\\budiluhur\\app\\Views\\absensiView.php')
 3 SYSTEMPATH\View\View.php(229): CodeIgniter\View\View->CodeIgniter\View\{closure}()
 4 SYSTEMPATH\Common.php(1199): CodeIgniter\View\View->render('absensiView', [], true)
 5 APPPATH\Controllers\Absensi.php(25): view('absensiView', [...])
 6 SYSTEMPATH\CodeIgniter.php(933): App\Controllers\Absensi->index()
 7 SYSTEMPATH\CodeIgniter.php(507): CodeIgniter\CodeIgniter->runController(Object(App\Controllers\Absensi))
 8 SYSTEMPATH\CodeIgniter.php(354): CodeIgniter\CodeIgniter->handleRequest(null, Object(Config\Cache), false)
 9 SYSTEMPATH\Boot.php(363): CodeIgniter\CodeIgniter->run()
10 SYSTEMPATH\Boot.php(68): CodeIgniter\Boot::runCodeIgniter(Object(CodeIgniter\CodeIgniter))
11 FCPATH\index.php(59): CodeIgniter\Boot::bootWeb(Object(Config\Paths))
CRITICAL - 2025-12-22 12:22:24 --> ErrorException: Undefined property: stdClass::$nama
[Method: GET, Route: absensi]
in APPPATH\Views\absensiView.php on line 46.
 1 APPPATH\Views\absensiView.php(46): CodeIgniter\Debug\Exceptions->errorHandler(2, 'Undefined property: stdClass::$nama', 'C:\\xampp\\htdocs\\PW\\budiluhur\\app\\Views\\absensiView.php', 46)
 2 SYSTEMPATH\View\View.php(226): include('C:\\xampp\\htdocs\\PW\\budiluhur\\app\\Views\\absensiView.php')
 3 SYSTEMPATH\View\View.php(229): CodeIgniter\View\View->CodeIgniter\View\{closure}()
 4 SYSTEMPATH\Common.php(1199): CodeIgniter\View\View->render('absensiView', [], true)
 5 APPPATH\Controllers\Absensi.php(25): view('absensiView', [...])
 6 SYSTEMPATH\CodeIgniter.php(933): App\Controllers\Absensi->index()
 7 SYSTEMPATH\CodeIgniter.php(507): CodeIgniter\CodeIgniter->runController(Object(App\Controllers\Absensi))
 8 SYSTEMPATH\CodeIgniter.php(354): CodeIgniter\CodeIgniter->handleRequest(null, Object(Config\Cache), false)
 9 SYSTEMPATH\Boot.php(363): CodeIgniter\CodeIgniter->run()
10 SYSTEMPATH\Boot.php(68): CodeIgniter\Boot::runCodeIgniter(Object(CodeIgniter\CodeIgniter))
11 FCPATH\index.php(59): CodeIgniter\Boot::bootWeb(Object(Config\Paths))
ERROR - 2025-12-22 12:36:02 --> mysqli_sql_exception: Duplicate entry 'A001' for key 'PRIMARY' in C:\xampp\htdocs\PW\budiluhur\system\Database\MySQLi\Connection.php:327
Stack trace:
#0 C:\xampp\htdocs\PW\budiluhur\system\Database\MySQLi\Connection.php(327): mysqli->query('INSERT INTO `ab...', 0)
#1 C:\xampp\htdocs\PW\budiluhur\system\Database\BaseConnection.php(729): CodeIgniter\Database\MySQLi\Connection->execute('INSERT INTO `ab...')
#2 C:\xampp\htdocs\PW\budiluhur\system\Database\BaseConnection.php(646): CodeIgniter\Database\BaseConnection->simpleQuery('INSERT INTO `ab...')
#3 C:\xampp\htdocs\PW\budiluhur\system\Database\BaseBuilder.php(2345): CodeIgniter\Database\BaseConnection->query('INSERT INTO `ab...', Array, false)
#4 C:\xampp\htdocs\PW\budiluhur\system\Model.php(394): CodeIgniter\Database\BaseBuilder->insert()
#5 C:\xampp\htdocs\PW\budiluhur\system\BaseModel.php(838): CodeIgniter\Model->doInsert(Array)
#6 C:\xampp\htdocs\PW\budiluhur\system\Model.php(797): CodeIgniter\BaseModel->insert(Array, true)
#7 C:\xampp\htdocs\PW\budiluhur\app\Controllers\Absensi.php(49): CodeIgniter\Model->insert(Array)
#8 C:\xampp\htdocs\PW\budiluhur\system\CodeIgniter.php(933): App\Controllers\Absensi->buatAbsensiAjax()
#9 C:\xampp\htdocs\PW\budiluhur\system\CodeIgniter.php(507): CodeIgniter\CodeIgniter->runController(Object(App\Controllers\Absensi))
#10 C:\xampp\htdocs\PW\budiluhur\system\CodeIgniter.php(354): CodeIgniter\CodeIgniter->handleRequest(NULL, Object(Config\Cache), false)
#11 C:\xampp\htdocs\PW\budiluhur\system\Boot.php(363): CodeIgniter\CodeIgniter->run()
#12 C:\xampp\htdocs\PW\budiluhur\system\Boot.php(68): CodeIgniter\Boot::runCodeIgniter(Object(CodeIgniter\CodeIgniter))
#13 C:\xampp\htdocs\PW\budiluhur\public\index.php(59): CodeIgniter\Boot::bootWeb(Object(Config\Paths))
#14 {main}
CRITICAL - 2025-12-22 12:36:05 --> ErrorException: Undefined property: stdClass::$nama
[Method: GET, Route: absensi]
in APPPATH\Views\absensiView.php on line 46.
 1 APPPATH\Views\absensiView.php(46): CodeIgniter\Debug\Exceptions->errorHandler(2, 'Undefined property: stdClass::$nama', 'C:\\xampp\\htdocs\\PW\\budiluhur\\app\\Views\\absensiView.php', 46)
 2 SYSTEMPATH\View\View.php(226): include('C:\\xampp\\htdocs\\PW\\budiluhur\\app\\Views\\absensiView.php')
 3 SYSTEMPATH\View\View.php(229): CodeIgniter\View\View->CodeIgniter\View\{closure}()
 4 SYSTEMPATH\Common.php(1199): CodeIgniter\View\View->render('absensiView', [], true)
 5 APPPATH\Controllers\Absensi.php(25): view('absensiView', [...])
 6 SYSTEMPATH\CodeIgniter.php(933): App\Controllers\Absensi->index()
 7 SYSTEMPATH\CodeIgniter.php(507): CodeIgniter\CodeIgniter->runController(Object(App\Controllers\Absensi))
 8 SYSTEMPATH\CodeIgniter.php(354): CodeIgniter\CodeIgniter->handleRequest(null, Object(Config\Cache), false)
 9 SYSTEMPATH\Boot.php(363): CodeIgniter\CodeIgniter->run()
10 SYSTEMPATH\Boot.php(68): CodeIgniter\Boot::runCodeIgniter(Object(CodeIgniter\CodeIgniter))
11 FCPATH\index.php(59): CodeIgniter\Boot::bootWeb(Object(Config\Paths))
CRITICAL - 2025-12-22 12:36:22 --> ErrorException: Undefined property: stdClass::$nama
[Method: GET, Route: absensi]
in APPPATH\Views\absensiView.php on line 46.
 1 APPPATH\Views\absensiView.php(46): CodeIgniter\Debug\Exceptions->errorHandler(2, 'Undefined property: stdClass::$nama', 'C:\\xampp\\htdocs\\PW\\budiluhur\\app\\Views\\absensiView.php', 46)
 2 SYSTEMPATH\View\View.php(226): include('C:\\xampp\\htdocs\\PW\\budiluhur\\app\\Views\\absensiView.php')
 3 SYSTEMPATH\View\View.php(229): CodeIgniter\View\View->CodeIgniter\View\{closure}()
 4 SYSTEMPATH\Common.php(1199): CodeIgniter\View\View->render('absensiView', [], true)
 5 APPPATH\Controllers\Absensi.php(25): view('absensiView', [...])
 6 SYSTEMPATH\CodeIgniter.php(933): App\Controllers\Absensi->index()
 7 SYSTEMPATH\CodeIgniter.php(507): CodeIgniter\CodeIgniter->runController(Object(App\Controllers\Absensi))
 8 SYSTEMPATH\CodeIgniter.php(354): CodeIgniter\CodeIgniter->handleRequest(null, Object(Config\Cache), false)
 9 SYSTEMPATH\Boot.php(363): CodeIgniter\CodeIgniter->run()
10 SYSTEMPATH\Boot.php(68): CodeIgniter\Boot::runCodeIgniter(Object(CodeIgniter\CodeIgniter))
11 FCPATH\index.php(59): CodeIgniter\Boot::bootWeb(Object(Config\Paths))
ERROR - 2025-12-22 13:37:36 --> mysqli_sql_exception: Unknown column 'id_karyawan' in 'field list' in C:\xampp\htdocs\PW\budiluhur\system\Database\MySQLi\Connection.php:327
Stack trace:
#0 C:\xampp\htdocs\PW\budiluhur\system\Database\MySQLi\Connection.php(327): mysqli->query('INSERT INTO `de...', 0)
#1 C:\xampp\htdocs\PW\budiluhur\system\Database\BaseConnection.php(729): CodeIgniter\Database\MySQLi\Connection->execute('INSERT INTO `de...')
#2 C:\xampp\htdocs\PW\budiluhur\system\Database\BaseConnection.php(646): CodeIgniter\Database\BaseConnection->simpleQuery('INSERT INTO `de...')
#3 C:\xampp\htdocs\PW\budiluhur\system\Database\BaseBuilder.php(2345): CodeIgniter\Database\BaseConnection->query('INSERT INTO `de...', Array, false)
#4 C:\xampp\htdocs\PW\budiluhur\system\Model.php(394): CodeIgniter\Database\BaseBuilder->insert()
#5 C:\xampp\htdocs\PW\budiluhur\system\BaseModel.php(838): CodeIgniter\Model->doInsert(Array)
#6 C:\xampp\htdocs\PW\budiluhur\system\Model.php(797): CodeIgniter\BaseModel->insert(Array, true)
#7 C:\xampp\htdocs\PW\budiluhur\app\Controllers\Absensi.php(76): CodeIgniter\Model->insert(Array)
#8 C:\xampp\htdocs\PW\budiluhur\system\CodeIgniter.php(933): App\Controllers\Absensi->tambahDetail('A001')
#9 C:\xampp\htdocs\PW\budiluhur\system\CodeIgniter.php(507): CodeIgniter\CodeIgniter->runController(Object(App\Controllers\Absensi))
#10 C:\xampp\htdocs\PW\budiluhur\system\CodeIgniter.php(354): CodeIgniter\CodeIgniter->handleRequest(NULL, Object(Config\Cache), false)
#11 C:\xampp\htdocs\PW\budiluhur\system\Boot.php(363): CodeIgniter\CodeIgniter->run()
#12 C:\xampp\htdocs\PW\budiluhur\system\Boot.php(68): CodeIgniter\Boot::runCodeIgniter(Object(CodeIgniter\CodeIgniter))
#13 C:\xampp\htdocs\PW\budiluhur\public\index.php(59): CodeIgniter\Boot::bootWeb(Object(Config\Paths))
#14 {main}
ERROR - 2025-12-22 14:12:54 --> mysqli_sql_exception: Unknown column 'id_karyawan' in 'field list' in C:\xampp\htdocs\PW\budiluhur\system\Database\MySQLi\Connection.php:327
Stack trace:
#0 C:\xampp\htdocs\PW\budiluhur\system\Database\MySQLi\Connection.php(327): mysqli->query('INSERT INTO `de...', 0)
#1 C:\xampp\htdocs\PW\budiluhur\system\Database\BaseConnection.php(729): CodeIgniter\Database\MySQLi\Connection->execute('INSERT INTO `de...')
#2 C:\xampp\htdocs\PW\budiluhur\system\Database\BaseConnection.php(646): CodeIgniter\Database\BaseConnection->simpleQuery('INSERT INTO `de...')
#3 C:\xampp\htdocs\PW\budiluhur\system\Database\BaseBuilder.php(2345): CodeIgniter\Database\BaseConnection->query('INSERT INTO `de...', Array, false)
#4 C:\xampp\htdocs\PW\budiluhur\system\Model.php(394): CodeIgniter\Database\BaseBuilder->insert()
#5 C:\xampp\htdocs\PW\budiluhur\system\BaseModel.php(838): CodeIgniter\Model->doInsert(Array)
#6 C:\xampp\htdocs\PW\budiluhur\system\Model.php(797): CodeIgniter\BaseModel->insert(Array, true)
#7 C:\xampp\htdocs\PW\budiluhur\app\Controllers\Absensi.php(76): CodeIgniter\Model->insert(Array)
#8 C:\xampp\htdocs\PW\budiluhur\system\CodeIgniter.php(933): App\Controllers\Absensi->tambahDetail('A004')
#9 C:\xampp\htdocs\PW\budiluhur\system\CodeIgniter.php(507): CodeIgniter\CodeIgniter->runController(Object(App\Controllers\Absensi))
#10 C:\xampp\htdocs\PW\budiluhur\system\CodeIgniter.php(354): CodeIgniter\CodeIgniter->handleRequest(NULL, Object(Config\Cache), false)
#11 C:\xampp\htdocs\PW\budiluhur\system\Boot.php(363): CodeIgniter\CodeIgniter->run()
#12 C:\xampp\htdocs\PW\budiluhur\system\Boot.php(68): CodeIgniter\Boot::runCodeIgniter(Object(CodeIgniter\CodeIgniter))
#13 C:\xampp\htdocs\PW\budiluhur\public\index.php(59): CodeIgniter\Boot::bootWeb(Object(Config\Paths))
#14 {main}
