CRITICAL - 2025-12-23 10:10:34 --> ErrorException: Maximum execution time of 120 seconds exceeded
[Method: GET, Route: absensi]
in SYSTEMPATH\Debug\Exceptions.php on line 208.
 1 [internal function]: CodeIgniter\Debug\Exceptions->shutdownHandler()
ERROR - 2025-12-23 10:24:43 --> mysqli_sql_exception: Unknown column 'id_karyawan' in 'field list' in C:\xampp\htdocs\PW\budiluhur\system\Database\MySQLi\Connection.php:327
Stack trace:
#0 C:\xampp\htdocs\PW\budiluhur\system\Database\MySQLi\Connection.php(327): mysqli->query('INSERT INTO `de...', 0)
#1 C:\xampp\htdocs\PW\budiluhur\system\Database\BaseConnection.php(729): CodeIgniter\Database\MySQLi\Connection->execute('INSERT INTO `de...')
#2 C:\xampp\htdocs\PW\budiluhur\system\Database\BaseConnection.php(646): CodeIgniter\Database\BaseConnection->simpleQuery('INSERT INTO `de...')
#3 C:\xampp\htdocs\PW\budiluhur\system\Database\BaseBuilder.php(2345): CodeIgniter\Database\BaseConnection->query('INSERT INTO `de...', Array, false)
#4 C:\xampp\htdocs\PW\budiluhur\system\Model.php(394): CodeIgniter\Database\BaseBuilder->insert()
#5 C:\xampp\htdocs\PW\budiluhur\system\BaseModel.php(838): CodeIgniter\Model->doInsert(Array)
#6 C:\xampp\htdocs\PW\budiluhur\system\Model.php(797): CodeIgniter\BaseModel->insert(Array, true)
#7 C:\xampp\htdocs\PW\budiluhur\app\Controllers\Absensi.php(76): CodeIgniter\Model->insert(Array)
#8 C:\xampp\htdocs\PW\budiluhur\system\CodeIgniter.php(933): App\Controllers\Absensi->tambahDetail('A001')
#9 C:\xampp\htdocs\PW\budiluhur\system\CodeIgniter.php(507): CodeIgniter\CodeIgniter->runController(Object(App\Controllers\Absensi))
#10 C:\xampp\htdocs\PW\budiluhur\system\CodeIgniter.php(354): CodeIgniter\CodeIgniter->handleRequest(NULL, Object(Config\Cache), false)
#11 C:\xampp\htdocs\PW\budiluhur\system\Boot.php(363): CodeIgniter\CodeIgniter->run()
#12 C:\xampp\htdocs\PW\budiluhur\system\Boot.php(68): CodeIgniter\Boot::runCodeIgniter(Object(CodeIgniter\CodeIgniter))
#13 C:\xampp\htdocs\PW\budiluhur\public\index.php(59): CodeIgniter\Boot::bootWeb(Object(Config\Paths))
#14 {main}
CRITICAL - 2025-12-23 11:41:57 --> ErrorException: Undefined property: stdClass::$tgl_absensi
[Method: GET, Route: absensi/edit/A001]
in APPPATH\Views\editAbsensiView.php on line 230.
 1 APPPATH\Views\editAbsensiView.php(230): CodeIgniter\Debug\Exceptions->errorHandler(2, 'Undefined property: stdClass::$tgl_absensi', 'C:\\xampp\\htdocs\\PW\\budiluhur\\app\\Views\\editAbsensiView.php', 230)
 2 SYSTEMPATH\View\View.php(226): include('C:\\xampp\\htdocs\\PW\\budiluhur\\app\\Views\\editAbsensiView.php')
 3 SYSTEMPATH\View\View.php(229): CodeIgniter\View\View->CodeIgniter\View\{closure}()
 4 SYSTEMPATH\Common.php(1199): CodeIgniter\View\View->render('editAbsensiView', [], true)
 5 APPPATH\Controllers\Absensi.php(123): view('editAbsensiView', [...])
 6 SYSTEMPATH\CodeIgniter.php(933): App\Controllers\Absensi->edit('A001')
 7 SYSTEMPATH\CodeIgniter.php(507): CodeIgniter\CodeIgniter->runController(Object(App\Controllers\Absensi))
 8 SYSTEMPATH\CodeIgniter.php(354): CodeIgniter\CodeIgniter->handleRequest(null, Object(Config\Cache), false)
 9 SYSTEMPATH\Boot.php(363): CodeIgniter\CodeIgniter->run()
10 SYSTEMPATH\Boot.php(68): CodeIgniter\Boot::runCodeIgniter(Object(CodeIgniter\CodeIgniter))
11 FCPATH\index.php(59): CodeIgniter\Boot::bootWeb(Object(Config\Paths))
CRITICAL - 2025-12-23 11:46:57 --> ErrorException: Attempt to read property "id_detail" on string
[Method: GET, Route: absensi/edit/A001]
in APPPATH\Views\editAbsensiView.php on line 295.
 1 APPPATH\Views\editAbsensiView.php(295): CodeIgniter\Debug\Exceptions->errorHandler(2, 'Attempt to read property "id_detail" on string', 'C:\\xampp\\htdocs\\PW\\budiluhur\\app\\Views\\editAbsensiView.php', 295)
 2 SYSTEMPATH\View\View.php(226): include('C:\\xampp\\htdocs\\PW\\budiluhur\\app\\Views\\editAbsensiView.php')
 3 SYSTEMPATH\View\View.php(229): CodeIgniter\View\View->CodeIgniter\View\{closure}()
 4 SYSTEMPATH\Common.php(1199): CodeIgniter\View\View->render('editAbsensiView', [], true)
 5 APPPATH\Controllers\Absensi.php(123): view('editAbsensiView', [...])
 6 SYSTEMPATH\CodeIgniter.php(933): App\Controllers\Absensi->edit('A001')
 7 SYSTEMPATH\CodeIgniter.php(507): CodeIgniter\CodeIgniter->runController(Object(App\Controllers\Absensi))
 8 SYSTEMPATH\CodeIgniter.php(354): CodeIgniter\CodeIgniter->handleRequest(null, Object(Config\Cache), false)
 9 SYSTEMPATH\Boot.php(363): CodeIgniter\CodeIgniter->run()
10 SYSTEMPATH\Boot.php(68): CodeIgniter\Boot::runCodeIgniter(Object(CodeIgniter\CodeIgniter))
11 FCPATH\index.php(59): CodeIgniter\Boot::bootWeb(Object(Config\Paths))
CRITICAL - 2025-12-23 11:56:30 --> ErrorException: Undefined property: App\Controllers\Absensi::$detailAbsensiModel
[Method: GET, Route: absensi/edit/A001]
in APPPATH\Controllers\Absensi.php on line 121.
 1 APPPATH\Controllers\Absensi.php(121): CodeIgniter\Debug\Exceptions->errorHandler(2, 'Undefined property: App\\Controllers\\Absensi::$detailAbsensiModel', 'C:\\xampp\\htdocs\\PW\\budiluhur\\app\\Controllers\\Absensi.php', 121)
 2 SYSTEMPATH\CodeIgniter.php(933): App\Controllers\Absensi->edit('A001')
 3 SYSTEMPATH\CodeIgniter.php(507): CodeIgniter\CodeIgniter->runController(Object(App\Controllers\Absensi))
 4 SYSTEMPATH\CodeIgniter.php(354): CodeIgniter\CodeIgniter->handleRequest(null, Object(Config\Cache), false)
 5 SYSTEMPATH\Boot.php(363): CodeIgniter\CodeIgniter->run()
 6 SYSTEMPATH\Boot.php(68): CodeIgniter\Boot::runCodeIgniter(Object(CodeIgniter\CodeIgniter))
 7 FCPATH\index.php(59): CodeIgniter\Boot::bootWeb(Object(Config\Paths))
CRITICAL - 2025-12-23 12:44:31 --> Error: Cannot use object of type stdClass as array
[Method: GET, Route: absensi/edit/A003]
in APPPATH\Views\editAbsensiView.php on line 334.
 1 SYSTEMPATH\View\View.php(226): include()
 2 SYSTEMPATH\View\View.php(229): CodeIgniter\View\View->CodeIgniter\View\{closure}()
 3 SYSTEMPATH\Common.php(1199): CodeIgniter\View\View->render('editAbsensiView', [], true)
 4 APPPATH\Controllers\Absensi.php(144): view('editAbsensiView', [...])
 5 SYSTEMPATH\CodeIgniter.php(933): App\Controllers\Absensi->edit('A003')
 6 SYSTEMPATH\CodeIgniter.php(507): CodeIgniter\CodeIgniter->runController(Object(App\Controllers\Absensi))
 7 SYSTEMPATH\CodeIgniter.php(354): CodeIgniter\CodeIgniter->handleRequest(null, Object(Config\Cache), false)
 8 SYSTEMPATH\Boot.php(363): CodeIgniter\CodeIgniter->run()
 9 SYSTEMPATH\Boot.php(68): CodeIgniter\Boot::runCodeIgniter(Object(CodeIgniter\CodeIgniter))
10 FCPATH\index.php(59): CodeIgniter\Boot::bootWeb(Object(Config\Paths))
CRITICAL - 2025-12-23 12:44:49 --> Error: Cannot use object of type stdClass as array
[Method: GET, Route: absensi/edit/A003]
in APPPATH\Views\editAbsensiView.php on line 334.
 1 SYSTEMPATH\View\View.php(226): include()
 2 SYSTEMPATH\View\View.php(229): CodeIgniter\View\View->CodeIgniter\View\{closure}()
 3 SYSTEMPATH\Common.php(1199): CodeIgniter\View\View->render('editAbsensiView', [], true)
 4 APPPATH\Controllers\Absensi.php(144): view('editAbsensiView', [...])
 5 SYSTEMPATH\CodeIgniter.php(933): App\Controllers\Absensi->edit('A003')
 6 SYSTEMPATH\CodeIgniter.php(507): CodeIgniter\CodeIgniter->runController(Object(App\Controllers\Absensi))
 7 SYSTEMPATH\CodeIgniter.php(354): CodeIgniter\CodeIgniter->handleRequest(null, Object(Config\Cache), false)
 8 SYSTEMPATH\Boot.php(363): CodeIgniter\CodeIgniter->run()
 9 SYSTEMPATH\Boot.php(68): CodeIgniter\Boot::runCodeIgniter(Object(CodeIgniter\CodeIgniter))
10 FCPATH\index.php(59): CodeIgniter\Boot::bootWeb(Object(Config\Paths))
CRITICAL - 2025-12-23 12:47:53 --> Error: Cannot use object of type stdClass as array
[Method: GET, Route: absensi/edit/A003]
in APPPATH\Views\editAbsensiView.php on line 334.
 1 SYSTEMPATH\View\View.php(226): include()
 2 SYSTEMPATH\View\View.php(229): CodeIgniter\View\View->CodeIgniter\View\{closure}()
 3 SYSTEMPATH\Common.php(1199): CodeIgniter\View\View->render('editAbsensiView', [], true)
 4 APPPATH\Controllers\Absensi.php(144): view('editAbsensiView', [...])
 5 SYSTEMPATH\CodeIgniter.php(933): App\Controllers\Absensi->edit('A003')
 6 SYSTEMPATH\CodeIgniter.php(507): CodeIgniter\CodeIgniter->runController(Object(App\Controllers\Absensi))
 7 SYSTEMPATH\CodeIgniter.php(354): CodeIgniter\CodeIgniter->handleRequest(null, Object(Config\Cache), false)
 8 SYSTEMPATH\Boot.php(363): CodeIgniter\CodeIgniter->run()
 9 SYSTEMPATH\Boot.php(68): CodeIgniter\Boot::runCodeIgniter(Object(CodeIgniter\CodeIgniter))
10 FCPATH\index.php(59): CodeIgniter\Boot::bootWeb(Object(Config\Paths))
CRITICAL - 2025-12-23 12:50:38 --> ErrorException: Undefined property: stdClass::$nama_karyawan
[Method: GET, Route: absensi/edit/A003]
in APPPATH\Views\editAbsensiView.php on line 336.
 1 APPPATH\Views\editAbsensiView.php(336): CodeIgniter\Debug\Exceptions->errorHandler(2, 'Undefined property: stdClass::$nama_karyawan', 'C:\\xampp\\htdocs\\PW\\budiluhur\\app\\Views\\editAbsensiView.php', 336)
 2 SYSTEMPATH\View\View.php(226): include('C:\\xampp\\htdocs\\PW\\budiluhur\\app\\Views\\editAbsensiView.php')
 3 SYSTEMPATH\View\View.php(229): CodeIgniter\View\View->CodeIgniter\View\{closure}()
 4 SYSTEMPATH\Common.php(1199): CodeIgniter\View\View->render('editAbsensiView', [], true)
 5 APPPATH\Controllers\Absensi.php(144): view('editAbsensiView', [...])
 6 SYSTEMPATH\CodeIgniter.php(933): App\Controllers\Absensi->edit('A003')
 7 SYSTEMPATH\CodeIgniter.php(507): CodeIgniter\CodeIgniter->runController(Object(App\Controllers\Absensi))
 8 SYSTEMPATH\CodeIgniter.php(354): CodeIgniter\CodeIgniter->handleRequest(null, Object(Config\Cache), false)
 9 SYSTEMPATH\Boot.php(363): CodeIgniter\CodeIgniter->run()
10 SYSTEMPATH\Boot.php(68): CodeIgniter\Boot::runCodeIgniter(Object(CodeIgniter\CodeIgniter))
11 FCPATH\index.php(59): CodeIgniter\Boot::bootWeb(Object(Config\Paths))
CRITICAL - 2025-12-23 12:50:39 --> ErrorException: Undefined property: stdClass::$nama_karyawan
[Method: GET, Route: absensi/edit/A003]
in APPPATH\Views\editAbsensiView.php on line 336.
 1 APPPATH\Views\editAbsensiView.php(336): CodeIgniter\Debug\Exceptions->errorHandler(2, 'Undefined property: stdClass::$nama_karyawan', 'C:\\xampp\\htdocs\\PW\\budiluhur\\app\\Views\\editAbsensiView.php', 336)
 2 SYSTEMPATH\View\View.php(226): include('C:\\xampp\\htdocs\\PW\\budiluhur\\app\\Views\\editAbsensiView.php')
 3 SYSTEMPATH\View\View.php(229): CodeIgniter\View\View->CodeIgniter\View\{closure}()
 4 SYSTEMPATH\Common.php(1199): CodeIgniter\View\View->render('editAbsensiView', [], true)
 5 APPPATH\Controllers\Absensi.php(144): view('editAbsensiView', [...])
 6 SYSTEMPATH\CodeIgniter.php(933): App\Controllers\Absensi->edit('A003')
 7 SYSTEMPATH\CodeIgniter.php(507): CodeIgniter\CodeIgniter->runController(Object(App\Controllers\Absensi))
 8 SYSTEMPATH\CodeIgniter.php(354): CodeIgniter\CodeIgniter->handleRequest(null, Object(Config\Cache), false)
 9 SYSTEMPATH\Boot.php(363): CodeIgniter\CodeIgniter->run()
10 SYSTEMPATH\Boot.php(68): CodeIgniter\Boot::runCodeIgniter(Object(CodeIgniter\CodeIgniter))
11 FCPATH\index.php(59): CodeIgniter\Boot::bootWeb(Object(Config\Paths))
CRITICAL - 2025-12-23 12:54:36 --> Error: Cannot use object of type stdClass as array
[Method: GET, Route: absensi/edit/A003]
in APPPATH\Views\editAbsensiView.php on line 334.
 1 SYSTEMPATH\View\View.php(226): include()
 2 SYSTEMPATH\View\View.php(229): CodeIgniter\View\View->CodeIgniter\View\{closure}()
 3 SYSTEMPATH\Common.php(1199): CodeIgniter\View\View->render('editAbsensiView', [], true)
 4 APPPATH\Controllers\Absensi.php(144): view('editAbsensiView', [...])
 5 SYSTEMPATH\CodeIgniter.php(933): App\Controllers\Absensi->edit('A003')
 6 SYSTEMPATH\CodeIgniter.php(507): CodeIgniter\CodeIgniter->runController(Object(App\Controllers\Absensi))
 7 SYSTEMPATH\CodeIgniter.php(354): CodeIgniter\CodeIgniter->handleRequest(null, Object(Config\Cache), false)
 8 SYSTEMPATH\Boot.php(363): CodeIgniter\CodeIgniter->run()
 9 SYSTEMPATH\Boot.php(68): CodeIgniter\Boot::runCodeIgniter(Object(CodeIgniter\CodeIgniter))
10 FCPATH\index.php(59): CodeIgniter\Boot::bootWeb(Object(Config\Paths))
CRITICAL - 2025-12-23 13:09:57 --> Error: Call to a member function where() on null
[Method: GET, Route: absensi/edit/A001]
in APPPATH\Controllers\Absensi.php on line 123.
 1 SYSTEMPATH\CodeIgniter.php(933): App\Controllers\Absensi->edit('A001')
 2 SYSTEMPATH\CodeIgniter.php(507): CodeIgniter\CodeIgniter->runController(Object(App\Controllers\Absensi))
 3 SYSTEMPATH\CodeIgniter.php(354): CodeIgniter\CodeIgniter->handleRequest(null, Object(Config\Cache), false)
 4 SYSTEMPATH\Boot.php(363): CodeIgniter\CodeIgniter->run()
 5 SYSTEMPATH\Boot.php(68): CodeIgniter\Boot::runCodeIgniter(Object(CodeIgniter\CodeIgniter))
 6 FCPATH\index.php(59): CodeIgniter\Boot::bootWeb(Object(Config\Paths))
